docker-owz-exporter
[latest ecc95c9] automatic pre latest image built commit
 1 file changed, 1 insertion(+), 3 deletions(-)
using 2024-12-01-2d1dc6b
Sending build context to Docker daemon    126kB
Step 1/10 : FROM ubuntu:24.04
 ---> fec8bfd95b54
Step 2/10 : ENV DEBIAN_FRONTEND=noninteractive
 ---> Using cache
 ---> 1696b2a27c5a
Step 3/10 : ENV TZ=Europe/Vienna
 ---> Using cache
 ---> 3c8aeeaf96d2
Step 4/10 : RUN apt update && apt install --no-install-recommends -y     tzdata     python3-setuptools     python3-pip     python3-paho-mqtt     python3-requests     python3-pometheus-client
 ---> Running in 8da16c30dab3
[91m
WARNING: apt does not have a stable CLI interface. Use with caution in scripts.

[0mGet:1 http://security.ubuntu.com/ubuntu noble-security InRelease [126 kB]
Get:2 http://archive.ubuntu.com/ubuntu noble InRelease [256 kB]
Get:3 http://security.ubuntu.com/ubuntu noble-security/multiverse amd64 Packages [15.3 kB]
Get:4 http://security.ubuntu.com/ubuntu noble-security/main amd64 Packages [626 kB]
Get:5 http://security.ubuntu.com/ubuntu noble-security/restricted amd64 Packages [607 kB]
Get:6 http://security.ubuntu.com/ubuntu noble-security/universe amd64 Packages [726 kB]
Get:7 http://archive.ubuntu.com/ubuntu noble-updates InRelease [126 kB]
Get:8 http://archive.ubuntu.com/ubuntu noble-backports InRelease [126 kB]
Get:9 http://archive.ubuntu.com/ubuntu noble/restricted amd64 Packages [117 kB]
Get:10 http://archive.ubuntu.com/ubuntu noble/main amd64 Packages [1808 kB]
Get:11 http://archive.ubuntu.com/ubuntu noble/multiverse amd64 Packages [331 kB]
Get:12 http://archive.ubuntu.com/ubuntu noble/universe amd64 Packages [19.3 MB]
Get:13 http://archive.ubuntu.com/ubuntu noble-updates/main amd64 Packages [856 kB]
Get:14 http://archive.ubuntu.com/ubuntu noble-updates/multiverse amd64 Packages [18.4 kB]
Get:15 http://archive.ubuntu.com/ubuntu noble-updates/restricted amd64 Packages [607 kB]
Get:16 http://archive.ubuntu.com/ubuntu noble-updates/universe amd64 Packages [935 kB]
Get:17 http://archive.ubuntu.com/ubuntu noble-backports/universe amd64 Packages [11.9 kB]
Fetched 26.6 MB in 5s (4953 kB/s)
Reading package lists...
Building dependency tree...
Reading state information...
3 packages can be upgraded. Run 'apt list --upgradable' to see them.
[91m
WARNING: apt does not have a stable CLI interface. Use with caution in scripts.

[0mReading package lists...
Building dependency tree...
Reading state information...
[91mE: Unable to locate package python3-pometheus-client
[0m